<?xml version="1.0" encoding="UTF-8"?>
<!-- Generated by org.testng.reporters.JUnitReportReporter -->
<testsuite hostname="LAPTOP-QKO1N1CM" failures="0" tests="1" name="framework.tests.ErrorValidation" time="12.617" errors="0" timestamp="2023-11-07T23:01:51 IST" skipped="0">
  <testcase classname="framework.tests.ErrorValidation" name="LoginErrorValidation" time="12.617"/>
</testsuite> <!-- framework.tests.ErrorValidation -->
