<?xml version="1.0" encoding="UTF-8"?>
<!-- Generated by org.testng.reporters.JUnitReportReporter -->
<testsuite hostname="LAPTOP-QKO1N1CM" failures="0" tests="1" name="framework.Resouces.ExtentReporterNG" time="0.513" errors="0" timestamp="2023-11-06T21:39:36 IST" skipped="0">
  <testcase classname="framework.Resouces.ExtentReporterNG" name="getReportObject" time="0.513"/>
</testsuite> <!-- framework.Resouces.ExtentReporterNG -->
